current directory: /Users/falcon/work_space/runteq_2/jissen_rails/24165_falcon-0418_runteq_curriculum_normal/vender/bundle/ruby/2.6.0/gems/bindex-0.7.0/ext/skiptrace
/Users/falcon/.rbenv/versions/2.6.4/bin/ruby -I /Users/falcon/.rbenv/versions/2.6.4/lib/ruby/2.6.0 -r ./siteconf20230411-66943-3bntyj.rb extconf.rb
creating Makefile

current directory: /Users/falcon/work_space/runteq_2/jissen_rails/24165_falcon-0418_runteq_curriculum_normal/vender/bundle/ruby/2.6.0/gems/bindex-0.7.0/ext/skiptrace
make "DESTDIR=" clean

current directory: /Users/falcon/work_space/runteq_2/jissen_rails/24165_falcon-0418_runteq_curriculum_normal/vender/bundle/ruby/2.6.0/gems/bindex-0.7.0/ext/skiptrace
make "DESTDIR="
compiling cruby.c
cruby.c:74:17: warning: '(' and '{' tokens introducing statement expression appear in different macro expansion contexts [-Wcompound-token-split-by-macro]
  id_bindings = rb_intern("bindings");
                ^~~~~~~~~~~~~~~~~~~~~
/Users/falcon/.rbenv/versions/2.6.4/include/ruby-2.6.0/ruby/ruby.h:1826:23: note: expanded from macro 'rb_intern'
        __extension__ (RUBY_CONST_ID_CACHE((ID), (str))) : \
                      ^
cruby.c:74:17: note: '{' token is here
  id_bindings = rb_intern("bindings");
                ^~~~~~~~~~~~~~~~~~~~~
/Users/falcon/.rbenv/versions/2.6.4/include/ruby-2.6.0/ruby/ruby.h:1826:24: note: expanded from macro 'rb_intern'
        __extension__ (RUBY_CONST_ID_CACHE((ID), (str))) : \
                       ^~~~~~~~~~~~~~~~~~~~~~~~~~~~~~~~
/Users/falcon/.rbenv/versions/2.6.4/include/ruby-2.6.0/ruby/ruby.h:1811:5: note: expanded from macro 'RUBY_CONST_ID_CACHE'
    {                                                   \
    ^
cruby.c:74:17: warning: '}' and ')' tokens terminating statement expression appear in different macro expansion contexts [-Wcompound-token-split-by-macro]
  id_bindings = rb_intern("bindings");
                ^~~~~~~~~~~~~~~~~~~~~
/Users/falcon/.rbenv/versions/2.6.4/include/ruby-2.6.0/ruby/ruby.h:1826:24: note: expanded from macro 'rb_intern'
        __extension__ (RUBY_CONST_ID_CACHE((ID), (str))) : \
                       ^~~~~~~~~~~~~~~~~~~~~~~~~~~~~~~~
/Users/falcon/.rbenv/versions/2.6.4/include/ruby-2.6.0/ruby/ruby.h:1816:5: note: expanded from macro 'RUBY_CONST_ID_CACHE'
    }
    ^
cruby.c:74:17: note: ')' token is here
  id_bindings = rb_intern("bindings");
                ^~~~~~~~~~~~~~~~~~~~~
/Users/falcon/.rbenv/versions/2.6.4/include/ruby-2.6.0/ruby/ruby.h:1826:56: note: expanded from macro 'rb_intern'
        __extension__ (RUBY_CONST_ID_CACHE((ID), (str))) : \
                                                       ^
2 warnings generated.
linking shared-object skiptrace/cruby.bundle

current directory: /Users/falcon/work_space/runteq_2/jissen_rails/24165_falcon-0418_runteq_curriculum_normal/vender/bundle/ruby/2.6.0/gems/bindex-0.7.0/ext/skiptrace
make "DESTDIR=" install
/usr/bin/install -c -m 0755 cruby.bundle ./.gem.20230411-66943-e7ibo9/skiptrace
