current directory: /Users/falcon/work_space/runteq_2/jissen_rails/24165_falcon-0418_runteq_curriculum_normal/vender/bundle/ruby/2.6.0/gems/bootsnap-1.4.5/ext/bootsnap
/Users/falcon/.rbenv/versions/2.6.4/bin/ruby -I /Users/falcon/.rbenv/versions/2.6.4/lib/ruby/2.6.0 -r ./siteconf20230415-6109-1uba2pl.rb extconf.rb
creating Makefile

current directory: /Users/falcon/work_space/runteq_2/jissen_rails/24165_falcon-0418_runteq_curriculum_normal/vender/bundle/ruby/2.6.0/gems/bootsnap-1.4.5/ext/bootsnap
make "DESTDIR=" clean

current directory: /Users/falcon/work_space/runteq_2/jissen_rails/24165_falcon-0418_runteq_curriculum_normal/vender/bundle/ruby/2.6.0/gems/bootsnap-1.4.5/ext/bootsnap
make "DESTDIR="
compiling bootsnap.c
bootsnap.c:143:18: warning: '(' and '{' tokens introducing statement expression appear in different macro expansion contexts [-Wcompound-token-split-by-macro]
  uncompilable = rb_intern("__bootsnap_uncompilable__");
                 ^~~~~~~~~~~~~~~~~~~~~~~~~~~~~~~~~~~~~~
/Users/falcon/.rbenv/versions/2.6.4/include/ruby-2.6.0/ruby/ruby.h:1826:23: note: expanded from macro 'rb_intern'
        __extension__ (RUBY_CONST_ID_CACHE((ID), (str))) : \
                      ^
bootsnap.c:143:18: note: '{' token is here
  uncompilable = rb_intern("__bootsnap_uncompilable__");
                 ^~~~~~~~~~~~~~~~~~~~~~~~~~~~~~~~~~~~~~
/Users/falcon/.rbenv/versions/2.6.4/include/ruby-2.6.0/ruby/ruby.h:1826:24: note: expanded from macro 'rb_intern'
        __extension__ (RUBY_CONST_ID_CACHE((ID), (str))) : \
                       ^~~~~~~~~~~~~~~~~~~~~~~~~~~~~~~~
/Users/falcon/.rbenv/versions/2.6.4/include/ruby-2.6.0/ruby/ruby.h:1811:5: note: expanded from macro 'RUBY_CONST_ID_CACHE'
    {                                                   \
    ^
bootsnap.c:143:18: warning: '}' and ')' tokens terminating statement expression appear in different macro expansion contexts [-Wcompound-token-split-by-macro]
  uncompilable = rb_intern("__bootsnap_uncompilable__");
                 ^~~~~~~~~~~~~~~~~~~~~~~~~~~~~~~~~~~~~~
/Users/falcon/.rbenv/versions/2.6.4/include/ruby-2.6.0/ruby/ruby.h:1826:24: note: expanded from macro 'rb_intern'
        __extension__ (RUBY_CONST_ID_CACHE((ID), (str))) : \
                       ^~~~~~~~~~~~~~~~~~~~~~~~~~~~~~~~
/Users/falcon/.rbenv/versions/2.6.4/include/ruby-2.6.0/ruby/ruby.h:1816:5: note: expanded from macro 'RUBY_CONST_ID_CACHE'
    }
    ^
bootsnap.c:143:18: note: ')' token is here
  uncompilable = rb_intern("__bootsnap_uncompilable__");
                 ^~~~~~~~~~~~~~~~~~~~~~~~~~~~~~~~~~~~~~
/Users/falcon/.rbenv/versions/2.6.4/include/ruby-2.6.0/ruby/ruby.h:1826:56: note: expanded from macro 'rb_intern'
        __extension__ (RUBY_CONST_ID_CACHE((ID), (str))) : \
                                                       ^
bootsnap.c:209:44: warning: '(' and '{' tokens introducing statement expression appear in different macro expansion contexts [-Wcompound-token-split-by-macro]
  ruby_revision = rb_const_get(rb_cObject, rb_intern("RUBY_REVISION"));
                                           ^~~~~~~~~~~~~~~~~~~~~~~~~~
/Users/falcon/.rbenv/versions/2.6.4/include/ruby-2.6.0/ruby/ruby.h:1826:23: note: expanded from macro 'rb_intern'
        __extension__ (RUBY_CONST_ID_CACHE((ID), (str))) : \
                      ^
bootsnap.c:209:44: note: '{' token is here
  ruby_revision = rb_const_get(rb_cObject, rb_intern("RUBY_REVISION"));
                                           ^~~~~~~~~~~~~~~~~~~~~~~~~~
/Users/falcon/.rbenv/versions/2.6.4/include/ruby-2.6.0/ruby/ruby.h:1826:24: note: expanded from macro 'rb_intern'
        __extension__ (RUBY_CONST_ID_CACHE((ID), (str))) : \
                       ^~~~~~~~~~~~~~~~~~~~~~~~~~~~~~~~
/Users/falcon/.rbenv/versions/2.6.4/include/ruby-2.6.0/ruby/ruby.h:1811:5: note: expanded from macro 'RUBY_CONST_ID_CACHE'
    {                                                   \
    ^
bootsnap.c:209:44: warning: '}' and ')' tokens terminating statement expression appear in different macro expansion contexts [-Wcompound-token-split-by-macro]
  ruby_revision = rb_const_get(rb_cObject, rb_intern("RUBY_REVISION"));
                                           ^~~~~~~~~~~~~~~~~~~~~~~~~~
/Users/falcon/.rbenv/versions/2.6.4/include/ruby-2.6.0/ruby/ruby.h:1826:24: note: expanded from macro 'rb_intern'
        __extension__ (RUBY_CONST_ID_CACHE((ID), (str))) : \
                       ^~~~~~~~~~~~~~~~~~~~~~~~~~~~~~~~
/Users/falcon/.rbenv/versions/2.6.4/include/ruby-2.6.0/ruby/ruby.h:1816:5: note: expanded from macro 'RUBY_CONST_ID_CACHE'
    }
    ^
bootsnap.c:209:44: note: ')' token is here
  ruby_revision = rb_const_get(rb_cObject, rb_intern("RUBY_REVISION"));
                                           ^~~~~~~~~~~~~~~~~~~~~~~~~~
/Users/falcon/.rbenv/versions/2.6.4/include/ruby-2.6.0/ruby/ruby.h:1826:56: note: expanded from macro 'rb_intern'
        __extension__ (RUBY_CONST_ID_CACHE((ID), (str))) : \
                                                       ^
bootsnap.c:234:44: warning: '(' and '{' tokens introducing statement expression appear in different macro expansion contexts [-Wcompound-token-split-by-macro]
  ruby_platform = rb_const_get(rb_cObject, rb_intern("RUBY_PLATFORM"));
                                           ^~~~~~~~~~~~~~~~~~~~~~~~~~
/Users/falcon/.rbenv/versions/2.6.4/include/ruby-2.6.0/ruby/ruby.h:1826:23: note: expanded from macro 'rb_intern'
        __extension__ (RUBY_CONST_ID_CACHE((ID), (str))) : \
                      ^
bootsnap.c:234:44: note: '{' token is here
  ruby_platform = rb_const_get(rb_cObject, rb_intern("RUBY_PLATFORM"));
                                           ^~~~~~~~~~~~~~~~~~~~~~~~~~
/Users/falcon/.rbenv/versions/2.6.4/include/ruby-2.6.0/ruby/ruby.h:1826:24: note: expanded from macro 'rb_intern'
        __extension__ (RUBY_CONST_ID_CACHE((ID), (str))) : \
                       ^~~~~~~~~~~~~~~~~~~~~~~~~~~~~~~~
/Users/falcon/.rbenv/versions/2.6.4/include/ruby-2.6.0/ruby/ruby.h:1811:5: note: expanded from macro 'RUBY_CONST_ID_CACHE'
    {                                                   \
    ^
bootsnap.c:234:44: warning: '}' and ')' tokens terminating statement expression appear in different macro expansion contexts [-Wcompound-token-split-by-macro]
  ruby_platform = rb_const_get(rb_cObject, rb_intern("RUBY_PLATFORM"));
                                           ^~~~~~~~~~~~~~~~~~~~~~~~~~
/Users/falcon/.rbenv/versions/2.6.4/include/ruby-2.6.0/ruby/ruby.h:1826:24: note: expanded from macro 'rb_intern'
        __extension__ (RUBY_CONST_ID_CACHE((ID), (str))) : \
                       ^~~~~~~~~~~~~~~~~~~~~~~~~~~~~~~~
/Users/falcon/.rbenv/versions/2.6.4/include/ruby-2.6.0/ruby/ruby.h:1816:5: note: expanded from macro 'RUBY_CONST_ID_CACHE'
    }
    ^
bootsnap.c:234:44: note: ')' token is here
  ruby_platform = rb_const_get(rb_cObject, rb_intern("RUBY_PLATFORM"));
                                           ^~~~~~~~~~~~~~~~~~~~~~~~~~
/Users/falcon/.rbenv/versions/2.6.4/include/ruby-2.6.0/ruby/ruby.h:1826:56: note: expanded from macro 'rb_intern'
        __extension__ (RUBY_CONST_ID_CACHE((ID), (str))) : \
                                                       ^
bootsnap.c:240:18: warning: mixing declarations and code is incompatible with standards before C99 [-Wdeclaration-after-statement]
  struct utsname utsname;
                 ^
bootsnap.c:307:10: warning: mixing declarations and code is incompatible with standards before C99 [-Wdeclaration-after-statement]
  char * cachedir = RSTRING_PTR(cachedir_v);
         ^
bootsnap.c:759:36: warning: '(' and '{' tokens introducing statement expression appear in different macro expansion contexts [-Wcompound-token-split-by-macro]
  return rb_funcall(data->handler, rb_intern("storage_to_output"), 1, data->storage_data);
                                   ^~~~~~~~~~~~~~~~~~~~~~~~~~~~~~
/Users/falcon/.rbenv/versions/2.6.4/include/ruby-2.6.0/ruby/ruby.h:1826:23: note: expanded from macro 'rb_intern'
        __extension__ (RUBY_CONST_ID_CACHE((ID), (str))) : \
                      ^
/Users/falcon/.rbenv/versions/2.6.4/include/ruby-2.6.0/ruby/ruby.h:2602:20: note: expanded from macro 'rb_funcall'
        rb_funcallv(recv, mid, \
                          ^~~
bootsnap.c:759:36: note: '{' token is here
  return rb_funcall(data->handler, rb_intern("storage_to_output"), 1, data->storage_data);
                                   ^~~~~~~~~~~~~~~~~~~~~~~~~~~~~~
/Users/falcon/.rbenv/versions/2.6.4/include/ruby-2.6.0/ruby/ruby.h:1826:24: note: expanded from macro 'rb_intern'
        __extension__ (RUBY_CONST_ID_CACHE((ID), (str))) : \
                       ^~~~~~~~~~~~~~~~~~~~~~~~~~~~~~~~
/Users/falcon/.rbenv/versions/2.6.4/include/ruby-2.6.0/ruby/ruby.h:1811:5: note: expanded from macro 'RUBY_CONST_ID_CACHE'
    {                                                   \
    ^
/Users/falcon/.rbenv/versions/2.6.4/include/ruby-2.6.0/ruby/ruby.h:2602:20: note: expanded from macro 'rb_funcall'
        rb_funcallv(recv, mid, \
                          ^~~
bootsnap.c:759:36: warning: '}' and ')' tokens terminating statement expression appear in different macro expansion contexts [-Wcompound-token-split-by-macro]
  return rb_funcall(data->handler, rb_intern("storage_to_output"), 1, data->storage_data);
                                   ^~~~~~~~~~~~~~~~~~~~~~~~~~~~~~
/Users/falcon/.rbenv/versions/2.6.4/include/ruby-2.6.0/ruby/ruby.h:1826:24: note: expanded from macro 'rb_intern'
        __extension__ (RUBY_CONST_ID_CACHE((ID), (str))) : \
                       ^~~~~~~~~~~~~~~~~~~~~~~~~~~~~~~~
/Users/falcon/.rbenv/versions/2.6.4/include/ruby-2.6.0/ruby/ruby.h:1816:5: note: expanded from macro 'RUBY_CONST_ID_CACHE'
    }
    ^
/Users/falcon/.rbenv/versions/2.6.4/include/ruby-2.6.0/ruby/ruby.h:2602:20: note: expanded from macro 'rb_funcall'
        rb_funcallv(recv, mid, \
                          ^~~
bootsnap.c:759:36: note: ')' token is here
  return rb_funcall(data->handler, rb_intern("storage_to_output"), 1, data->storage_data);
                                   ^~~~~~~~~~~~~~~~~~~~~~~~~~~~~~
/Users/falcon/.rbenv/versions/2.6.4/include/ruby-2.6.0/ruby/ruby.h:1826:56: note: expanded from macro 'rb_intern'
        __extension__ (RUBY_CONST_ID_CACHE((ID), (str))) : \
                                                       ^
/Users/falcon/.rbenv/versions/2.6.4/include/ruby-2.6.0/ruby/ruby.h:2602:20: note: expanded from macro 'rb_funcall'
        rb_funcallv(recv, mid, \
                          ^~~
bootsnap.c:788:36: warning: '(' and '{' tokens introducing statement expression appear in different macro expansion contexts [-Wcompound-token-split-by-macro]
  return rb_funcall(data->handler, rb_intern("input_to_output"), 1, data->input_data);
                                   ^~~~~~~~~~~~~~~~~~~~~~~~~~~~
/Users/falcon/.rbenv/versions/2.6.4/include/ruby-2.6.0/ruby/ruby.h:1826:23: note: expanded from macro 'rb_intern'
        __extension__ (RUBY_CONST_ID_CACHE((ID), (str))) : \
                      ^
/Users/falcon/.rbenv/versions/2.6.4/include/ruby-2.6.0/ruby/ruby.h:2602:20: note: expanded from macro 'rb_funcall'
        rb_funcallv(recv, mid, \
                          ^~~
bootsnap.c:788:36: note: '{' token is here
  return rb_funcall(data->handler, rb_intern("input_to_output"), 1, data->input_data);
                                   ^~~~~~~~~~~~~~~~~~~~~~~~~~~~
/Users/falcon/.rbenv/versions/2.6.4/include/ruby-2.6.0/ruby/ruby.h:1826:24: note: expanded from macro 'rb_intern'
        __extension__ (RUBY_CONST_ID_CACHE((ID), (str))) : \
                       ^~~~~~~~~~~~~~~~~~~~~~~~~~~~~~~~
/Users/falcon/.rbenv/versions/2.6.4/include/ruby-2.6.0/ruby/ruby.h:1811:5: note: expanded from macro 'RUBY_CONST_ID_CACHE'
    {                                                   \
    ^
/Users/falcon/.rbenv/versions/2.6.4/include/ruby-2.6.0/ruby/ruby.h:2602:20: note: expanded from macro 'rb_funcall'
        rb_funcallv(recv, mid, \
                          ^~~
bootsnap.c:788:36: warning: '}' and ')' tokens terminating statement expression appear in different macro expansion contexts [-Wcompound-token-split-by-macro]
  return rb_funcall(data->handler, rb_intern("input_to_output"), 1, data->input_data);
                                   ^~~~~~~~~~~~~~~~~~~~~~~~~~~~
/Users/falcon/.rbenv/versions/2.6.4/include/ruby-2.6.0/ruby/ruby.h:1826:24: note: expanded from macro 'rb_intern'
        __extension__ (RUBY_CONST_ID_CACHE((ID), (str))) : \
                       ^~~~~~~~~~~~~~~~~~~~~~~~~~~~~~~~
/Users/falcon/.rbenv/versions/2.6.4/include/ruby-2.6.0/ruby/ruby.h:1816:5: note: expanded from macro 'RUBY_CONST_ID_CACHE'
    }
    ^
/Users/falcon/.rbenv/versions/2.6.4/include/ruby-2.6.0/ruby/ruby.h:2602:20: note: expanded from macro 'rb_funcall'
        rb_funcallv(recv, mid, \
                          ^~~
bootsnap.c:788:36: note: ')' token is here
  return rb_funcall(data->handler, rb_intern("input_to_output"), 1, data->input_data);
                                   ^~~~~~~~~~~~~~~~~~~~~~~~~~~~
/Users/falcon/.rbenv/versions/2.6.4/include/ruby-2.6.0/ruby/ruby.h:1826:56: note: expanded from macro 'rb_intern'
        __extension__ (RUBY_CONST_ID_CACHE((ID), (str))) : \
                                                       ^
/Users/falcon/.rbenv/versions/2.6.4/include/ruby-2.6.0/ruby/ruby.h:2602:20: note: expanded from macro 'rb_funcall'
        rb_funcallv(recv, mid, \
                          ^~~
bootsnap.c:795:36: warning: '(' and '{' tokens introducing statement expression appear in different macro expansion contexts [-Wcompound-token-split-by-macro]
  return rb_funcall(data->handler, rb_intern("input_to_storage"), 2, data->input_data, data->pathval);
                                   ^~~~~~~~~~~~~~~~~~~~~~~~~~~~~
/Users/falcon/.rbenv/versions/2.6.4/include/ruby-2.6.0/ruby/ruby.h:1826:23: note: expanded from macro 'rb_intern'
        __extension__ (RUBY_CONST_ID_CACHE((ID), (str))) : \
                      ^
/Users/falcon/.rbenv/versions/2.6.4/include/ruby-2.6.0/ruby/ruby.h:2602:20: note: expanded from macro 'rb_funcall'
        rb_funcallv(recv, mid, \
                          ^~~
bootsnap.c:795:36: note: '{' token is here
  return rb_funcall(data->handler, rb_intern("input_to_storage"), 2, data->input_data, data->pathval);
                                   ^~~~~~~~~~~~~~~~~~~~~~~~~~~~~
/Users/falcon/.rbenv/versions/2.6.4/include/ruby-2.6.0/ruby/ruby.h:1826:24: note: expanded from macro 'rb_intern'
        __extension__ (RUBY_CONST_ID_CACHE((ID), (str))) : \
                       ^~~~~~~~~~~~~~~~~~~~~~~~~~~~~~~~
/Users/falcon/.rbenv/versions/2.6.4/include/ruby-2.6.0/ruby/ruby.h:1811:5: note: expanded from macro 'RUBY_CONST_ID_CACHE'
    {                                                   \
    ^
/Users/falcon/.rbenv/versions/2.6.4/include/ruby-2.6.0/ruby/ruby.h:2602:20: note: expanded from macro 'rb_funcall'
        rb_funcallv(recv, mid, \
                          ^~~
bootsnap.c:795:36: warning: '}' and ')' tokens terminating statement expression appear in different macro expansion contexts [-Wcompound-token-split-by-macro]
  return rb_funcall(data->handler, rb_intern("input_to_storage"), 2, data->input_data, data->pathval);
                                   ^~~~~~~~~~~~~~~~~~~~~~~~~~~~~
/Users/falcon/.rbenv/versions/2.6.4/include/ruby-2.6.0/ruby/ruby.h:1826:24: note: expanded from macro 'rb_intern'
        __extension__ (RUBY_CONST_ID_CACHE((ID), (str))) : \
                       ^~~~~~~~~~~~~~~~~~~~~~~~~~~~~~~~
/Users/falcon/.rbenv/versions/2.6.4/include/ruby-2.6.0/ruby/ruby.h:1816:5: note: expanded from macro 'RUBY_CONST_ID_CACHE'
    }
    ^
/Users/falcon/.rbenv/versions/2.6.4/include/ruby-2.6.0/ruby/ruby.h:2602:20: note: expanded from macro 'rb_funcall'
        rb_funcallv(recv, mid, \
                          ^~~
bootsnap.c:795:36: note: ')' token is here
  return rb_funcall(data->handler, rb_intern("input_to_storage"), 2, data->input_data, data->pathval);
                                   ^~~~~~~~~~~~~~~~~~~~~~~~~~~~~
/Users/falcon/.rbenv/versions/2.6.4/include/ruby-2.6.0/ruby/ruby.h:1826:56: note: expanded from macro 'rb_intern'
        __extension__ (RUBY_CONST_ID_CACHE((ID), (str))) : \
                                                       ^
/Users/falcon/.rbenv/versions/2.6.4/include/ruby-2.6.0/ruby/ruby.h:2602:20: note: expanded from macro 'rb_funcall'
        rb_funcallv(recv, mid, \
                          ^~~
14 warnings generated.
linking shared-object bootsnap/bootsnap.bundle

current directory: /Users/falcon/work_space/runteq_2/jissen_rails/24165_falcon-0418_runteq_curriculum_normal/vender/bundle/ruby/2.6.0/gems/bootsnap-1.4.5/ext/bootsnap
make "DESTDIR=" install
/usr/bin/install -c -m 0755 bootsnap.bundle ./.gem.20230415-6109-11ji4xj/bootsnap
